<?xml version="1.0" encoding="UTF-8"?>
<!-- Generated by org.testng.reporters.JUnitReportReporter -->
<testsuite hostname="LAPTOP-8UP94UO4" failures="0" tests="2" name="jenkins.MyProject" time="51.846" errors="0" timestamp="2022-02-08T12:34:27 IST" skipped="0">
  <testcase classname="jenkins.MyProject" name="logouttest" time="14.962"/>
  <system-out/>
  <testcase classname="jenkins.MyProject" name="logintest" time="36.884"/>
  <system-out/>
</testsuite> <!-- jenkins.MyProject -->
